<?xml version="1.0" encoding="UTF-8"?>
<testng-results skipped="0" failed="0" ignored="0" total="1" passed="1">
  <reporter-output>
    <line>
      <![CDATA[<div "result">I am on Amazon.com (PASSED : 3s)</div>]]>
    </line>
    <line>
      <![CDATA[<div "result">Search for &quot;Selenium coockbook&quot; (PASSED : 3s)</div>]]>
    </line>
    <line>
      <![CDATA[<div "result">Click on category link Books (PASSED : 0s)</div>]]>
    </line>
    <line>
      <![CDATA[<div "result">Save the price listed under Selenium Testing Tools Cookbook - Second Edition, Paperback (PASSED : 0s)</div>]]>
    </line>
    <line>
      <![CDATA[<div "result">Click on results Selenium Testing Tools Cookbook - Second Edition (PASSED : 4s)</div>]]>
    </line>
    <line>
      <![CDATA[<div "result">Verify that prices highlighted on the next picture match the price saved on previous step (PASSED : 0s)</div>]]>
    </line>
  </reporter-output>
  <suite name="Default suite" duration-ms="16233" started-at="2018-06-22T01:41:42Z" finished-at="2018-06-22T01:41:58Z">
    <groups>
      <group name="cucumber">
        <method signature="AbstractTestNGCucumberTests.runScenario(cucumber.api.testng.PickleEventWrapper, cucumber.api.testng.CucumberFeatureWrapper)[pri:0, instance:com.app.runners.CukesRunner@2d928643]" name="runScenario" class="cucumber.api.testng.AbstractTestNGCucumberTests"/>
      </group> <!-- cucumber -->
    </groups>
    <test name="Default test" duration-ms="16233" started-at="2018-06-22T01:41:42Z" finished-at="2018-06-22T01:41:58Z">
      <class name="com.app.runners.CukesRunner">
        <test-method status="PASS" signature="setUpClass()[pri:0, instance:com.app.runners.CukesRunner@2d928643]" name="setUpClass" is-config="true" duration-ms="214" started-at="2018-06-22T01:41:42Z" finished-at="2018-06-22T01:41:42Z">
          <reporter-output>
          </reporter-output>
        </test-method> <!-- setUpClass -->
        <test-method status="PASS" signature="runScenario(cucumber.api.testng.PickleEventWrapper, cucumber.api.testng.CucumberFeatureWrapper)[pri:0, instance:com.app.runners.CukesRunner@2d928643]" name="runScenario" duration-ms="15885" started-at="2018-06-22T01:41:42Z" description="Runs Cucumber Scenarios" data-provider="scenarios" finished-at="2018-06-22T01:41:58Z">
          <params>
            <param index="0">
              <value>
                <![CDATA["Price displayed"]]>
              </value>
            </param>
            <param index="1">
              <value>
                <![CDATA["Searching for items"]]>
              </value>
            </param>
          </params>
          <reporter-output>
            <line>
              <![CDATA[<div "result">I am on Amazon.com (PASSED : 3s)</div>]]>
            </line>
            <line>
              <![CDATA[<div "result">Search for &quot;Selenium coockbook&quot; (PASSED : 3s)</div>]]>
            </line>
            <line>
              <![CDATA[<div "result">Click on category link Books (PASSED : 0s)</div>]]>
            </line>
            <line>
              <![CDATA[<div "result">Save the price listed under Selenium Testing Tools Cookbook - Second Edition, Paperback (PASSED : 0s)</div>]]>
            </line>
            <line>
              <![CDATA[<div "result">Click on results Selenium Testing Tools Cookbook - Second Edition (PASSED : 4s)</div>]]>
            </line>
            <line>
              <![CDATA[<div "result">Verify that prices highlighted on the next picture match the price saved on previous step (PASSED : 0s)</div>]]>
            </line>
          </reporter-output>
        </test-method> <!-- runScenario -->
        <test-method status="PASS" signature="tearDownClass()[pri:0, instance:com.app.runners.CukesRunner@2d928643]" name="tearDownClass" is-config="true" duration-ms="65" started-at="2018-06-22T01:41:58Z" finished-at="2018-06-22T01:41:58Z">
          <reporter-output>
          </reporter-output>
        </test-method> <!-- tearDownClass -->
      </class> <!-- com.app.runners.CukesRunner -->
    </test> <!-- Default test -->
  </suite> <!-- Default suite -->
</testng-results>
